<?xml version="1.0" encoding="UTF-8" ?>
<testsuite tests="8" failures="0" name="com.math.PerfectNumberTest" time="0.931" errors="0" skipped="0">
  <properties>
[...]
</properties>
  <testcase classname="com.math.PerfectNumberTest" name="testNotFound" time="0.762"/>
  <testcase classname="com.math.PerfectNumberTest" name="testInputZero" time="0.036"/>
  <testcase classname="com.math.PerfectNumberTest" name="testFailure" time="0.035"/>
  <testcase classname="com.math.PerfectNumberTest" name="testInputString" time="0.018"/>
  <testcase classname="com.math.PerfectNumberTest" name="testNegativeNumber" time="0.017"/>
  <testcase classname="com.math.PerfectNumberTest" name="testAlphaNumberic" time="0.018"/>
  <testcase classname="com.math.PerfectNumberTest" name="testLargeNumber" time="0.015"/>
  <testcase classname="com.math.PerfectNumberTest" name="testSuccess" time="0.03"/>
</testsuite>